<?xml version="1.0" encoding="UTF-8"?>
<coverage generated="1734958355853" clover="3.2.0">
  <project timestamp="1734958355853" name="All files">
    <metrics statements="7" coveredstatements="7" conditionals="6" coveredconditionals="3" methods="2" coveredmethods="2" elements="15" coveredelements="12" complexity="0" loc="7" ncloc="7" packages="1" files="1" classes="1"/>
    <file name="Slider.tsx" path="C:\Users\vinay\OneDrive\Desktop\poc-testing\src\components\Slider.tsx">
      <metrics statements="7" coveredstatements="7" conditionals="6" coveredconditionals="3" methods="2" coveredmethods="2"/>
      <line num="1" count="1" type="stmt"/>
      <line num="9" count="2" type="cond" truecount="3" falsecount="3"/>
      <line num="10" count="2" type="stmt"/>
      <line num="12" count="2" type="stmt"/>
      <line num="13" count="1" type="stmt"/>
      <line num="16" count="2" type="stmt"/>
      <line num="32" count="1" type="stmt"/>
    </file>
  </project>
</coverage>
