{"C:\\Users\\vinay\\OneDrive\\Desktop\\poc-testing\\src\\components\\Accordion.tsx": {"path":"C:\\Users\\vinay\\OneDrive\\Desktop\\poc-testing\\src\\components\\Accordion.tsx","statementMap":{"0":{"start":{"line":1,"column":0},"end":{"line":1,"column":40}},"1":{"start":{"line":8,"column":44},"end":{"line":48,"column":1}},"2":{"start":{"line":8,"column":55},"end":{"line":8,"column":57}},"3":{"start":{"line":8,"column":72},"end":{"line":8,"column":74}},"4":{"start":{"line":9,"column":40},"end":{"line":9,"column":69}},"5":{"start":{"line":9,"column":20},"end":{"line":9,"column":22}},"6":{"start":{"line":9,"column":36},"end":{"line":9,"column":40}},"7":{"start":{"line":11,"column":23},"end":{"line":15,"column":3}},"8":{"start":{"line":12,"column":23},"end":{"line":12,"column":53}},"9":{"start":{"line":13,"column":4},"end":{"line":13,"column":31}},"10":{"start":{"line":14,"column":4},"end":{"line":14,"column":24}},"11":{"start":{"line":17,"column":2},"end":{"line":47,"column":4}},"12":{"start":{"line":19,"column":33},"end":{"line":45,"column":8}},"13":{"start":{"line":30,"column":29},"end":{"line":30,"column":null}},"14":{"start":{"line":50,"column":0},"end":{"line":50,"column":25}}},"fnMap":{"0":{"name":"(anonymous_0)","decl":{"start":{"line":8,"column":44},"end":{"line":8,"column":45}},"loc":{"start":{"line":8,"column":74},"end":{"line":48,"column":1}}},"1":{"name":"(anonymous_1)","decl":{"start":{"line":11,"column":23},"end":{"line":11,"column":24}},"loc":{"start":{"line":11,"column":34},"end":{"line":15,"column":3}}},"2":{"name":"(anonymous_2)","decl":{"start":{"line":19,"column":20},"end":{"line":19,"column":21}},"loc":{"start":{"line":19,"column":28},"end":{"line":19,"column":null}}},"3":{"name":"(anonymous_3)","decl":{"start":{"line":30,"column":23},"end":{"line":30,"column":29}},"loc":{"start":{"line":30,"column":23},"end":{"line":30,"column":41}}}},"branchMap":{"0":{"loc":{"start":{"line":12,"column":23},"end":{"line":12,"column":53}},"type":"cond-expr","locations":[{"start":{"line":12,"column":44},"end":{"line":12,"column":48}},{"start":{"line":12,"column":51},"end":{"line":12,"column":53}}]},"1":{"loc":{"start":{"line":35,"column":11},"end":{"line":42,"column":null}},"type":"binary-expr","locations":[{"start":{"line":35,"column":11},"end":{"line":35,"column":37}},{"start":{"line":36,"column":12},"end":{"line":41,"column":null}}]}},"s":{"0":1,"1":1,"2":3,"3":3,"4":3,"5":3,"6":3,"7":3,"8":2,"9":2,"10":2,"11":3,"12":6,"13":2,"14":1},"f":{"0":3,"1":2,"2":6,"3":2},"b":{"0":[0,2],"1":[6,2]}}
,"C:\\Users\\vinay\\OneDrive\\Desktop\\poc-testing\\src\\components\\DataTable.tsx": {"path":"C:\\Users\\vinay\\OneDrive\\Desktop\\poc-testing\\src\\components\\DataTable.tsx","statementMap":{"0":{"start":{"line":8,"column":44},"end":{"line":29,"column":1}},"1":{"start":{"line":8,"column":51},"end":{"line":8,"column":53}},"2":{"start":{"line":8,"column":60},"end":{"line":8,"column":62}},"3":{"start":{"line":9,"column":2},"end":{"line":28,"column":4}},"4":{"start":{"line":13,"column":39},"end":{"line":15,"column":12}},"5":{"start":{"line":19,"column":37},"end":{"line":25,"column":10}},"6":{"start":{"line":21,"column":44},"end":{"line":23,"column":14}},"7":{"start":{"line":31,"column":0},"end":{"line":31,"column":25}}},"fnMap":{"0":{"name":"(anonymous_0)","decl":{"start":{"line":8,"column":44},"end":{"line":8,"column":45}},"loc":{"start":{"line":8,"column":62},"end":{"line":29,"column":1}}},"1":{"name":"(anonymous_1)","decl":{"start":{"line":13,"column":23},"end":{"line":13,"column":24}},"loc":{"start":{"line":13,"column":34},"end":{"line":13,"column":null}}},"2":{"name":"(anonymous_2)","decl":{"start":{"line":19,"column":18},"end":{"line":19,"column":19}},"loc":{"start":{"line":19,"column":32},"end":{"line":19,"column":null}}},"3":{"name":"(anonymous_3)","decl":{"start":{"line":21,"column":25},"end":{"line":21,"column":26}},"loc":{"start":{"line":21,"column":39},"end":{"line":21,"column":null}}}},"branchMap":{},"s":{"0":1,"1":1,"2":1,"3":1,"4":3,"5":2,"6":6,"7":1},"f":{"0":1,"1":3,"2":2,"3":6},"b":{}}
,"C:\\Users\\vinay\\OneDrive\\Desktop\\poc-testing\\src\\components\\Dropdown.tsx": {"path":"C:\\Users\\vinay\\OneDrive\\Desktop\\poc-testing\\src\\components\\Dropdown.tsx","statementMap":{"0":{"start":{"line":1,"column":0},"end":{"line":1,"column":40}},"1":{"start":{"line":7,"column":42},"end":{"line":26,"column":1}},"2":{"start":{"line":7,"column":52},"end":{"line":7,"column":54}},"3":{"start":{"line":8,"column":34},"end":{"line":8,"column":62}},"4":{"start":{"line":8,"column":17},"end":{"line":8,"column":19}},"5":{"start":{"line":8,"column":30},"end":{"line":8,"column":34}},"6":{"start":{"line":10,"column":23},"end":{"line":12,"column":3}},"7":{"start":{"line":11,"column":4},"end":{"line":11,"column":32}},"8":{"start":{"line":14,"column":2},"end":{"line":25,"column":4}},"9":{"start":{"line":17,"column":40},"end":{"line":21,"column":10}},"10":{"start":{"line":28,"column":0},"end":{"line":28,"column":24}}},"fnMap":{"0":{"name":"(anonymous_0)","decl":{"start":{"line":7,"column":42},"end":{"line":7,"column":43}},"loc":{"start":{"line":7,"column":54},"end":{"line":26,"column":1}}},"1":{"name":"(anonymous_1)","decl":{"start":{"line":10,"column":23},"end":{"line":10,"column":24}},"loc":{"start":{"line":10,"column":63},"end":{"line":12,"column":3}}},"2":{"name":"(anonymous_2)","decl":{"start":{"line":17,"column":21},"end":{"line":17,"column":22}},"loc":{"start":{"line":17,"column":35},"end":{"line":17,"column":null}}}},"branchMap":{},"s":{"0":1,"1":1,"2":2,"3":2,"4":2,"5":2,"6":2,"7":1,"8":2,"9":6,"10":1},"f":{"0":2,"1":1,"2":6},"b":{}}
,"C:\\Users\\vinay\\OneDrive\\Desktop\\poc-testing\\src\\components\\FileUploader.tsx": {"path":"C:\\Users\\vinay\\OneDrive\\Desktop\\poc-testing\\src\\components\\FileUploader.tsx","statementMap":{"0":{"start":{"line":1,"column":0},"end":{"line":1,"column":40}},"1":{"start":{"line":8,"column":50},"end":{"line":40,"column":1}},"2":{"start":{"line":9,"column":14},"end":{"line":9,"column":null}},"3":{"start":{"line":10,"column":2},"end":{"line":10,"column":14}},"4":{"start":{"line":10,"column":14},"end":{"line":10,"column":null}},"5":{"start":{"line":12,"column":34},"end":{"line":12,"column":63}},"6":{"start":{"line":12,"column":17},"end":{"line":12,"column":19}},"7":{"start":{"line":12,"column":30},"end":{"line":12,"column":34}},"8":{"start":{"line":13,"column":28},"end":{"line":13,"column":57}},"9":{"start":{"line":13,"column":14},"end":{"line":13,"column":16}},"10":{"start":{"line":13,"column":24},"end":{"line":13,"column":28}},"11":{"start":{"line":15,"column":27},"end":{"line":27,"column":3}},"12":{"start":{"line":16,"column":17},"end":{"line":16,"column":36}},"13":{"start":{"line":17,"column":4},"end":{"line":26,"column":5}},"14":{"start":{"line":18,"column":6},"end":{"line":25,"column":7}},"15":{"start":{"line":19,"column":8},"end":{"line":19,"column":42}},"16":{"start":{"line":20,"column":8},"end":{"line":20,"column":26}},"17":{"start":{"line":22,"column":8},"end":{"line":22,"column":23}},"18":{"start":{"line":23,"column":8},"end":{"line":23,"column":31}},"19":{"start":{"line":24,"column":8},"end":{"line":24,"column":27}},"20":{"start":{"line":29,"column":2},"end":{"line":39,"column":4}},"21":{"start":{"line":42,"column":0},"end":{"line":42,"column":28}}},"fnMap":{"0":{"name":"(anonymous_0)","decl":{"start":{"line":8,"column":50},"end":{"line":8,"column":51}},"loc":{"start":{"line":11,"column":1},"end":{"line":40,"column":1}}},"1":{"name":"(anonymous_1)","decl":{"start":{"line":15,"column":27},"end":{"line":15,"column":28}},"loc":{"start":{"line":15,"column":66},"end":{"line":27,"column":3}}}},"branchMap":{"0":{"loc":{"start":{"line":10,"column":14},"end":{"line":10,"column":null}},"type":"cond-expr","locations":[{"start":{"line":10,"column":17},"end":{"line":10,"column":19}},{"start":{"line":10,"column":19},"end":{"line":10,"column":null}}]},"1":{"loc":{"start":{"line":16,"column":17},"end":{"line":16,"column":36}},"type":"cond-expr","locations":[{"start":{"line":16,"column":31},"end":{"line":16,"column":34}},{"start":{"line":16,"column":31},"end":{"line":16,"column":36}}]},"2":{"loc":{"start":{"line":16,"column":17},"end":{"line":16,"column":34}},"type":"binary-expr","locations":[{"start":{"line":16,"column":17},"end":{"line":16,"column":34}},{"start":{"line":16,"column":31},"end":{"line":16,"column":34}}]},"3":{"loc":{"start":{"line":17,"column":4},"end":{"line":26,"column":5}},"type":"if","locations":[{"start":{"line":17,"column":4},"end":{"line":26,"column":5}}]},"4":{"loc":{"start":{"line":18,"column":6},"end":{"line":25,"column":7}},"type":"if","locations":[{"start":{"line":18,"column":6},"end":{"line":25,"column":7}},{"start":{"line":21,"column":13},"end":{"line":25,"column":7}}]},"5":{"loc":{"start":{"line":18,"column":10},"end":{"line":18,"column":66}},"type":"binary-expr","locations":[{"start":{"line":18,"column":10},"end":{"line":18,"column":29}},{"start":{"line":18,"column":33},"end":{"line":18,"column":66}}]},"6":{"loc":{"start":{"line":32,"column":7},"end":{"line":32,"column":70}},"type":"binary-expr","locations":[{"start":{"line":32,"column":7},"end":{"line":32,"column":15}},{"start":{"line":32,"column":19},"end":{"line":32,"column":70}}]},"7":{"loc":{"start":{"line":33,"column":7},"end":{"line":36,"column":null}},"type":"binary-expr","locations":[{"start":{"line":33,"column":7},"end":{"line":33,"column":12}},{"start":{"line":34,"column":8},"end":{"line":35,"column":null}}]}},"s":{"0":1,"1":1,"2":3,"3":3,"4":3,"5":3,"6":3,"7":3,"8":3,"9":3,"10":3,"11":3,"12":2,"13":2,"14":2,"15":1,"16":1,"17":1,"18":1,"19":1,"20":3,"21":1},"f":{"0":3,"1":2},"b":{"0":[0,3],"1":[0,2],"2":[2,2],"3":[2],"4":[1,1],"5":[2,2],"6":[3,1],"7":[3,1]}}
,"C:\\Users\\vinay\\OneDrive\\Desktop\\poc-testing\\src\\components\\Form.tsx": {"path":"C:\\Users\\vinay\\OneDrive\\Desktop\\poc-testing\\src\\components\\Form.tsx","statementMap":{"0":{"start":{"line":1,"column":0},"end":{"line":1,"column":40}},"1":{"start":{"line":7,"column":34},"end":{"line":51,"column":1}},"2":{"start":{"line":7,"column":45},"end":{"line":7,"column":47}},"3":{"start":{"line":8,"column":34},"end":{"line":8,"column":67}},"4":{"start":{"line":8,"column":17},"end":{"line":8,"column":19}},"5":{"start":{"line":8,"column":30},"end":{"line":8,"column":34}},"6":{"start":{"line":10,"column":23},"end":{"line":13,"column":3}},"7":{"start":{"line":11,"column":28},"end":{"line":11,"column":36}},"8":{"start":{"line":11,"column":16},"end":{"line":11,"column":18}},"9":{"start":{"line":11,"column":23},"end":{"line":11,"column":28}},"10":{"start":{"line":12,"column":4},"end":{"line":12,"column":48}},"11":{"start":{"line":15,"column":23},"end":{"line":18,"column":3}},"12":{"start":{"line":16,"column":4},"end":{"line":16,"column":23}},"13":{"start":{"line":17,"column":4},"end":{"line":17,"column":23}},"14":{"start":{"line":20,"column":2},"end":{"line":50,"column":4}},"15":{"start":{"line":53,"column":0},"end":{"line":53,"column":20}}},"fnMap":{"0":{"name":"(anonymous_2)","decl":{"start":{"line":7,"column":34},"end":{"line":7,"column":35}},"loc":{"start":{"line":7,"column":47},"end":{"line":51,"column":1}}},"1":{"name":"(anonymous_3)","decl":{"start":{"line":10,"column":23},"end":{"line":10,"column":24}},"loc":{"start":{"line":10,"column":62},"end":{"line":13,"column":3}}},"2":{"name":"(anonymous_4)","decl":{"start":{"line":15,"column":23},"end":{"line":15,"column":24}},"loc":{"start":{"line":15,"column":42},"end":{"line":18,"column":3}}}},"branchMap":{},"s":{"0":1,"1":1,"2":3,"3":3,"4":3,"5":3,"6":3,"7":2,"8":2,"9":2,"10":2,"11":3,"12":1,"13":1,"14":3,"15":1},"f":{"0":3,"1":2,"2":1},"b":{}}
,"C:\\Users\\vinay\\OneDrive\\Desktop\\poc-testing\\src\\components\\Modal.tsx": {"path":"C:\\Users\\vinay\\OneDrive\\Desktop\\poc-testing\\src\\components\\Modal.tsx","statementMap":{"0":{"start":{"line":8,"column":36},"end":{"line":47,"column":1}},"1":{"start":{"line":8,"column":45},"end":{"line":8,"column":47}},"2":{"start":{"line":8,"column":58},"end":{"line":8,"column":60}},"3":{"start":{"line":9,"column":2},"end":{"line":9,"column":27}},"4":{"start":{"line":9,"column":15},"end":{"line":9,"column":27}},"5":{"start":{"line":11,"column":2},"end":{"line":46,"column":4}},"6":{"start":{"line":49,"column":0},"end":{"line":49,"column":21}}},"fnMap":{"0":{"name":"(anonymous_0)","decl":{"start":{"line":8,"column":36},"end":{"line":8,"column":37}},"loc":{"start":{"line":8,"column":60},"end":{"line":47,"column":1}}}},"branchMap":{"0":{"loc":{"start":{"line":9,"column":2},"end":{"line":9,"column":27}},"type":"if","locations":[{"start":{"line":9,"column":2},"end":{"line":9,"column":27}}]}},"s":{"0":1,"1":2,"2":2,"3":2,"4":1,"5":1,"6":1},"f":{"0":2},"b":{"0":[1]}}
,"C:\\Users\\vinay\\OneDrive\\Desktop\\poc-testing\\src\\components\\ModalForm.tsx": {"path":"C:\\Users\\vinay\\OneDrive\\Desktop\\poc-testing\\src\\components\\ModalForm.tsx","statementMap":{"0":{"start":{"line":1,"column":0},"end":{"line":1,"column":40}},"1":{"start":{"line":8,"column":44},"end":{"line":50,"column":1}},"2":{"start":{"line":8,"column":53},"end":{"line":8,"column":55}},"3":{"start":{"line":8,"column":62},"end":{"line":8,"column":64}},"4":{"start":{"line":9,"column":34},"end":{"line":12,"column":4}},"5":{"start":{"line":9,"column":17},"end":{"line":9,"column":19}},"6":{"start":{"line":9,"column":30},"end":{"line":9,"column":34}},"7":{"start":{"line":14,"column":23},"end":{"line":17,"column":3}},"8":{"start":{"line":15,"column":28},"end":{"line":15,"column":36}},"9":{"start":{"line":15,"column":16},"end":{"line":15,"column":18}},"10":{"start":{"line":15,"column":23},"end":{"line":15,"column":28}},"11":{"start":{"line":16,"column":4},"end":{"line":16,"column":48}},"12":{"start":{"line":19,"column":23},"end":{"line":22,"column":3}},"13":{"start":{"line":20,"column":4},"end":{"line":20,"column":23}},"14":{"start":{"line":21,"column":4},"end":{"line":21,"column":36}},"15":{"start":{"line":24,"column":2},"end":{"line":24,"column":27}},"16":{"start":{"line":24,"column":15},"end":{"line":24,"column":27}},"17":{"start":{"line":26,"column":2},"end":{"line":49,"column":4}},"18":{"start":{"line":52,"column":0},"end":{"line":52,"column":25}}},"fnMap":{"0":{"name":"(anonymous_2)","decl":{"start":{"line":8,"column":44},"end":{"line":8,"column":45}},"loc":{"start":{"line":8,"column":64},"end":{"line":50,"column":1}}},"1":{"name":"(anonymous_3)","decl":{"start":{"line":14,"column":23},"end":{"line":14,"column":24}},"loc":{"start":{"line":14,"column":62},"end":{"line":17,"column":3}}},"2":{"name":"(anonymous_4)","decl":{"start":{"line":19,"column":23},"end":{"line":19,"column":24}},"loc":{"start":{"line":19,"column":42},"end":{"line":22,"column":3}}}},"branchMap":{"0":{"loc":{"start":{"line":24,"column":2},"end":{"line":24,"column":27}},"type":"if","locations":[{"start":{"line":24,"column":2},"end":{"line":24,"column":27}}]}},"s":{"0":1,"1":1,"2":3,"3":3,"4":3,"5":3,"6":3,"7":3,"8":2,"9":2,"10":2,"11":2,"12":3,"13":1,"14":1,"15":3,"16":0,"17":3,"18":1},"f":{"0":3,"1":2,"2":1},"b":{"0":[0]}}
,"C:\\Users\\vinay\\OneDrive\\Desktop\\poc-testing\\src\\components\\Pagination.tsx": {"path":"C:\\Users\\vinay\\OneDrive\\Desktop\\poc-testing\\src\\components\\Pagination.tsx","statementMap":{"0":{"start":{"line":9,"column":46},"end":{"line":38,"column":1}},"1":{"start":{"line":10,"column":13},"end":{"line":10,"column":null}},"2":{"start":{"line":11,"column":12},"end":{"line":11,"column":null}},"3":{"start":{"line":12,"column":14},"end":{"line":12,"column":null}},"4":{"start":{"line":14,"column":21},"end":{"line":14,"column":39}},"5":{"start":{"line":14,"column":27},"end":{"line":14,"column":70}},"6":{"start":{"line":15,"column":21},"end":{"line":15,"column":39}},"7":{"start":{"line":15,"column":27},"end":{"line":15,"column":79}},"8":{"start":{"line":17,"column":2},"end":{"line":37,"column":4}},"9":{"start":{"line":40,"column":0},"end":{"line":40,"column":26}}},"fnMap":{"0":{"name":"(anonymous_0)","decl":{"start":{"line":9,"column":46},"end":{"line":9,"column":47}},"loc":{"start":{"line":13,"column":1},"end":{"line":38,"column":1}}},"1":{"name":"(anonymous_1)","decl":{"start":{"line":14,"column":21},"end":{"line":14,"column":27}},"loc":{"start":{"line":14,"column":21},"end":{"line":14,"column":39}}},"2":{"name":"(anonymous_2)","decl":{"start":{"line":15,"column":21},"end":{"line":15,"column":27}},"loc":{"start":{"line":15,"column":21},"end":{"line":15,"column":39}}}},"branchMap":{},"s":{"0":1,"1":1,"2":1,"3":1,"4":1,"5":1,"6":1,"7":1,"8":1,"9":1},"f":{"0":1,"1":1,"2":1},"b":{}}
,"C:\\Users\\vinay\\OneDrive\\Desktop\\poc-testing\\src\\components\\SearchBar.tsx": {"path":"C:\\Users\\vinay\\OneDrive\\Desktop\\poc-testing\\src\\components\\SearchBar.tsx","statementMap":{"0":{"start":{"line":1,"column":0},"end":{"line":1,"column":40}},"1":{"start":{"line":8,"column":44},"end":{"line":37,"column":1}},"2":{"start":{"line":9,"column":2},"end":{"line":9,"column":13}},"3":{"start":{"line":9,"column":13},"end":{"line":9,"column":null}},"4":{"start":{"line":10,"column":10},"end":{"line":10,"column":null}},"5":{"start":{"line":12,"column":28},"end":{"line":12,"column":48}},"6":{"start":{"line":12,"column":14},"end":{"line":12,"column":16}},"7":{"start":{"line":12,"column":24},"end":{"line":12,"column":28}},"8":{"start":{"line":14,"column":23},"end":{"line":16,"column":3}},"9":{"start":{"line":15,"column":4},"end":{"line":15,"column":29}},"10":{"start":{"line":18,"column":23},"end":{"line":21,"column":3}},"11":{"start":{"line":19,"column":4},"end":{"line":19,"column":23}},"12":{"start":{"line":20,"column":4},"end":{"line":20,"column":20}},"13":{"start":{"line":23,"column":2},"end":{"line":36,"column":4}},"14":{"start":{"line":39,"column":0},"end":{"line":39,"column":25}}},"fnMap":{"0":{"name":"(anonymous_0)","decl":{"start":{"line":8,"column":44},"end":{"line":8,"column":45}},"loc":{"start":{"line":11,"column":1},"end":{"line":37,"column":1}}},"1":{"name":"(anonymous_1)","decl":{"start":{"line":14,"column":23},"end":{"line":14,"column":24}},"loc":{"start":{"line":14,"column":62},"end":{"line":16,"column":3}}},"2":{"name":"(anonymous_2)","decl":{"start":{"line":18,"column":23},"end":{"line":18,"column":24}},"loc":{"start":{"line":18,"column":42},"end":{"line":21,"column":3}}}},"branchMap":{"0":{"loc":{"start":{"line":9,"column":13},"end":{"line":9,"column":null}},"type":"cond-expr","locations":[{"start":{"line":9,"column":16},"end":{"line":9,"column":27}},{"start":{"line":9,"column":27},"end":{"line":9,"column":null}}]}},"s":{"0":1,"1":1,"2":2,"3":2,"4":2,"5":2,"6":2,"7":2,"8":2,"9":1,"10":2,"11":1,"12":1,"13":2,"14":1},"f":{"0":2,"1":1,"2":1},"b":{"0":[2,0]}}
,"C:\\Users\\vinay\\OneDrive\\Desktop\\poc-testing\\src\\components\\Slider.tsx": {"path":"C:\\Users\\vinay\\OneDrive\\Desktop\\poc-testing\\src\\components\\Slider.tsx","statementMap":{"0":{"start":{"line":1,"column":0},"end":{"line":1,"column":40}},"1":{"start":{"line":9,"column":38},"end":{"line":30,"column":1}},"2":{"start":{"line":9,"column":41},"end":{"line":9,"column":44}},"3":{"start":{"line":9,"column":44},"end":{"line":9,"column":50}},"4":{"start":{"line":9,"column":50},"end":{"line":9,"column":53}},"5":{"start":{"line":9,"column":53},"end":{"line":9,"column":61}},"6":{"start":{"line":9,"column":61},"end":{"line":9,"column":65}},"7":{"start":{"line":9,"column":65},"end":{"line":9,"column":71}},"8":{"start":{"line":10,"column":28},"end":{"line":10,"column":49}},"9":{"start":{"line":10,"column":14},"end":{"line":10,"column":16}},"10":{"start":{"line":10,"column":24},"end":{"line":10,"column":28}},"11":{"start":{"line":12,"column":23},"end":{"line":14,"column":3}},"12":{"start":{"line":13,"column":4},"end":{"line":13,"column":37}},"13":{"start":{"line":16,"column":2},"end":{"line":29,"column":4}},"14":{"start":{"line":32,"column":0},"end":{"line":32,"column":22}}},"fnMap":{"0":{"name":"(anonymous_0)","decl":{"start":{"line":9,"column":38},"end":{"line":9,"column":39}},"loc":{"start":{"line":9,"column":71},"end":{"line":30,"column":1}}},"1":{"name":"(anonymous_1)","decl":{"start":{"line":12,"column":23},"end":{"line":12,"column":24}},"loc":{"start":{"line":12,"column":62},"end":{"line":14,"column":3}}}},"branchMap":{"0":{"loc":{"start":{"line":9,"column":44},"end":{"line":9,"column":50}},"type":"cond-expr","locations":[{"start":{"line":9,"column":47},"end":{"line":9,"column":48}},{"start":{"line":9,"column":48},"end":{"line":9,"column":50}}]},"1":{"loc":{"start":{"line":9,"column":53},"end":{"line":9,"column":61}},"type":"cond-expr","locations":[{"start":{"line":9,"column":56},"end":{"line":9,"column":59}},{"start":{"line":9,"column":59},"end":{"line":9,"column":61}}]},"2":{"loc":{"start":{"line":9,"column":65},"end":{"line":9,"column":71}},"type":"cond-expr","locations":[{"start":{"line":9,"column":68},"end":{"line":9,"column":69}},{"start":{"line":9,"column":69},"end":{"line":9,"column":71}}]}},"s":{"0":1,"1":1,"2":2,"3":2,"4":2,"5":2,"6":2,"7":2,"8":2,"9":2,"10":2,"11":2,"12":1,"13":2,"14":1},"f":{"0":2,"1":1},"b":{"0":[0,2],"1":[0,2],"2":[0,2]}}
,"C:\\Users\\vinay\\OneDrive\\Desktop\\poc-testing\\src\\components\\TagInput.tsx": {"path":"C:\\Users\\vinay\\OneDrive\\Desktop\\poc-testing\\src\\components\\TagInput.tsx","statementMap":{"0":{"start":{"line":1,"column":0},"end":{"line":1,"column":40}},"1":{"start":{"line":7,"column":42},"end":{"line":52,"column":1}},"2":{"start":{"line":7,"column":57},"end":{"line":7,"column":59}},"3":{"start":{"line":8,"column":26},"end":{"line":8,"column":48}},"4":{"start":{"line":8,"column":13},"end":{"line":8,"column":15}},"5":{"start":{"line":8,"column":22},"end":{"line":8,"column":26}},"6":{"start":{"line":9,"column":38},"end":{"line":9,"column":58}},"7":{"start":{"line":9,"column":19},"end":{"line":9,"column":21}},"8":{"start":{"line":9,"column":34},"end":{"line":9,"column":38}},"9":{"start":{"line":11,"column":28},"end":{"line":13,"column":3}},"10":{"start":{"line":12,"column":4},"end":{"line":12,"column":34}},"11":{"start":{"line":15,"column":24},"end":{"line":25,"column":3}},"12":{"start":{"line":16,"column":4},"end":{"line":24,"column":5}},"13":{"start":{"line":17,"column":6},"end":{"line":17,"column":44}},"14":{"start":{"line":18,"column":6},"end":{"line":18,"column":49}},"15":{"start":{"line":19,"column":6},"end":{"line":19,"column":24}},"16":{"start":{"line":20,"column":11},"end":{"line":24,"column":5}},"17":{"start":{"line":21,"column":22},"end":{"line":21,"column":39}},"18":{"start":{"line":22,"column":6},"end":{"line":22,"column":23}},"19":{"start":{"line":23,"column":6},"end":{"line":23,"column":28}},"20":{"start":{"line":27,"column":26},"end":{"line":31,"column":3}},"21":{"start":{"line":28,"column":20},"end":{"line":28,"column":54}},"22":{"start":{"line":28,"column":42},"end":{"line":28,"column":54}},"23":{"start":{"line":29,"column":4},"end":{"line":29,"column":21}},"24":{"start":{"line":30,"column":4},"end":{"line":30,"column":26}},"25":{"start":{"line":33,"column":2},"end":{"line":51,"column":4}},"26":{"start":{"line":36,"column":34},"end":{"line":40,"column":10}},"27":{"start":{"line":38,"column":41},"end":{"line":38,"column":75}},"28":{"start":{"line":54,"column":0},"end":{"line":54,"column":24}}},"fnMap":{"0":{"name":"(anonymous_1)","decl":{"start":{"line":7,"column":42},"end":{"line":7,"column":43}},"loc":{"start":{"line":7,"column":59},"end":{"line":52,"column":1}}},"1":{"name":"(anonymous_2)","decl":{"start":{"line":11,"column":28},"end":{"line":11,"column":29}},"loc":{"start":{"line":11,"column":67},"end":{"line":13,"column":3}}},"2":{"name":"(anonymous_3)","decl":{"start":{"line":15,"column":24},"end":{"line":15,"column":25}},"loc":{"start":{"line":15,"column":65},"end":{"line":25,"column":3}}},"3":{"name":"(anonymous_4)","decl":{"start":{"line":27,"column":26},"end":{"line":27,"column":27}},"loc":{"start":{"line":27,"column":40},"end":{"line":31,"column":3}}},"4":{"name":"(anonymous_5)","decl":{"start":{"line":28,"column":32},"end":{"line":28,"column":33}},"loc":{"start":{"line":28,"column":37},"end":{"line":28,"column":43}}},"5":{"name":"(anonymous_6)","decl":{"start":{"line":36,"column":18},"end":{"line":36,"column":19}},"loc":{"start":{"line":36,"column":29},"end":{"line":36,"column":null}}},"6":{"name":"(anonymous_7)","decl":{"start":{"line":38,"column":35},"end":{"line":38,"column":41}},"loc":{"start":{"line":38,"column":35},"end":{"line":38,"column":56}}}},"branchMap":{"0":{"loc":{"start":{"line":16,"column":4},"end":{"line":24,"column":5}},"type":"if","locations":[{"start":{"line":16,"column":4},"end":{"line":24,"column":5}},{"start":{"line":20,"column":11},"end":{"line":24,"column":5}}]},"1":{"loc":{"start":{"line":16,"column":8},"end":{"line":16,"column":46}},"type":"binary-expr","locations":[{"start":{"line":16,"column":8},"end":{"line":16,"column":25}},{"start":{"line":16,"column":29},"end":{"line":16,"column":46}}]},"2":{"loc":{"start":{"line":20,"column":11},"end":{"line":24,"column":5}},"type":"if","locations":[{"start":{"line":20,"column":11},"end":{"line":24,"column":5}}]},"3":{"loc":{"start":{"line":20,"column":15},"end":{"line":20,"column":66}},"type":"binary-expr","locations":[{"start":{"line":20,"column":15},"end":{"line":20,"column":36}},{"start":{"line":20,"column":40},"end":{"line":20,"column":51}},{"start":{"line":20,"column":55},"end":{"line":20,"column":66}}]}},"s":{"0":1,"1":1,"2":6,"3":6,"4":6,"5":6,"6":6,"7":6,"8":6,"9":6,"10":2,"11":6,"12":2,"13":2,"14":2,"15":2,"16":0,"17":0,"18":0,"19":0,"20":6,"21":1,"22":2,"23":1,"24":1,"25":6,"26":5,"27":1,"28":1},"f":{"0":6,"1":2,"2":2,"3":1,"4":2,"5":5,"6":1},"b":{"0":[2,0],"1":[2,2],"2":[0],"3":[0,0,0]}}
}
