{"C:\\Users\\vinay\\OneDrive\\Desktop\\poc-testing\\src\\components\\Slider.tsx": {"path":"C:\\Users\\vinay\\OneDrive\\Desktop\\poc-testing\\src\\components\\Slider.tsx","statementMap":{"0":{"start":{"line":1,"column":0},"end":{"line":1,"column":40}},"1":{"start":{"line":9,"column":38},"end":{"line":30,"column":1}},"2":{"start":{"line":9,"column":41},"end":{"line":9,"column":44}},"3":{"start":{"line":9,"column":44},"end":{"line":9,"column":50}},"4":{"start":{"line":9,"column":50},"end":{"line":9,"column":53}},"5":{"start":{"line":9,"column":53},"end":{"line":9,"column":61}},"6":{"start":{"line":9,"column":61},"end":{"line":9,"column":65}},"7":{"start":{"line":9,"column":65},"end":{"line":9,"column":71}},"8":{"start":{"line":10,"column":28},"end":{"line":10,"column":49}},"9":{"start":{"line":10,"column":14},"end":{"line":10,"column":16}},"10":{"start":{"line":10,"column":24},"end":{"line":10,"column":28}},"11":{"start":{"line":12,"column":23},"end":{"line":14,"column":3}},"12":{"start":{"line":13,"column":4},"end":{"line":13,"column":37}},"13":{"start":{"line":16,"column":2},"end":{"line":29,"column":4}},"14":{"start":{"line":32,"column":0},"end":{"line":32,"column":22}}},"fnMap":{"0":{"name":"(anonymous_0)","decl":{"start":{"line":9,"column":38},"end":{"line":9,"column":39}},"loc":{"start":{"line":9,"column":71},"end":{"line":30,"column":1}}},"1":{"name":"(anonymous_1)","decl":{"start":{"line":12,"column":23},"end":{"line":12,"column":24}},"loc":{"start":{"line":12,"column":62},"end":{"line":14,"column":3}}}},"branchMap":{"0":{"loc":{"start":{"line":9,"column":44},"end":{"line":9,"column":50}},"type":"cond-expr","locations":[{"start":{"line":9,"column":47},"end":{"line":9,"column":48}},{"start":{"line":9,"column":48},"end":{"line":9,"column":50}}]},"1":{"loc":{"start":{"line":9,"column":53},"end":{"line":9,"column":61}},"type":"cond-expr","locations":[{"start":{"line":9,"column":56},"end":{"line":9,"column":59}},{"start":{"line":9,"column":59},"end":{"line":9,"column":61}}]},"2":{"loc":{"start":{"line":9,"column":65},"end":{"line":9,"column":71}},"type":"cond-expr","locations":[{"start":{"line":9,"column":68},"end":{"line":9,"column":69}},{"start":{"line":9,"column":69},"end":{"line":9,"column":71}}]}},"s":{"0":1,"1":1,"2":2,"3":2,"4":2,"5":2,"6":2,"7":2,"8":2,"9":2,"10":2,"11":2,"12":1,"13":2,"14":1},"f":{"0":2,"1":1},"b":{"0":[0,2],"1":[0,2],"2":[0,2]}}
}
