TN:
SF:src\components\Accordion.tsx
FN:8,(anonymous_0)
FN:11,(anonymous_1)
FN:19,(anonymous_2)
FN:30,(anonymous_3)
FNF:4
FNH:4
FNDA:3,(anonymous_0)
FNDA:2,(anonymous_1)
FNDA:6,(anonymous_2)
FNDA:2,(anonymous_3)
DA:1,1
DA:8,3
DA:9,3
DA:11,3
DA:12,2
DA:13,2
DA:14,2
DA:17,3
DA:19,6
DA:30,2
DA:50,1
LF:11
LH:11
BRDA:12,0,0,0
BRDA:12,0,1,2
BRDA:35,1,0,6
BRDA:35,1,1,2
BRF:4
BRH:3
end_of_record
TN:
SF:src\components\DataTable.tsx
FN:8,(anonymous_0)
FN:13,(anonymous_1)
FN:19,(anonymous_2)
FN:21,(anonymous_3)
FNF:4
FNH:4
FNDA:1,(anonymous_0)
FNDA:3,(anonymous_1)
FNDA:2,(anonymous_2)
FNDA:6,(anonymous_3)
DA:8,1
DA:9,1
DA:13,3
DA:19,2
DA:21,6
DA:31,1
LF:6
LH:6
BRF:0
BRH:0
end_of_record
TN:
SF:src\components\Dropdown.tsx
FN:7,(anonymous_0)
FN:10,(anonymous_1)
FN:17,(anonymous_2)
FNF:3
FNH:3
FNDA:2,(anonymous_0)
FNDA:1,(anonymous_1)
FNDA:6,(anonymous_2)
DA:1,1
DA:7,2
DA:8,2
DA:10,2
DA:11,1
DA:14,2
DA:17,6
DA:28,1
LF:8
LH:8
BRF:0
BRH:0
end_of_record
TN:
SF:src\components\FileUploader.tsx
FN:8,(anonymous_0)
FN:15,(anonymous_1)
FNF:2
FNH:2
FNDA:3,(anonymous_0)
FNDA:2,(anonymous_1)
DA:1,1
DA:8,1
DA:9,3
DA:10,3
DA:12,3
DA:13,3
DA:15,3
DA:16,2
DA:17,2
DA:18,2
DA:19,1
DA:20,1
DA:22,1
DA:23,1
DA:24,1
DA:29,3
DA:42,1
LF:17
LH:17
BRDA:10,0,0,0
BRDA:10,0,1,3
BRDA:16,1,0,0
BRDA:16,1,1,2
BRDA:16,2,0,2
BRDA:16,2,1,2
BRDA:17,3,0,2
BRDA:18,4,0,1
BRDA:18,4,1,1
BRDA:18,5,0,2
BRDA:18,5,1,2
BRDA:32,6,0,3
BRDA:32,6,1,1
BRDA:33,7,0,3
BRDA:33,7,1,1
BRF:15
BRH:13
end_of_record
TN:
SF:src\components\Form.tsx
FN:7,(anonymous_2)
FN:10,(anonymous_3)
FN:15,(anonymous_4)
FNF:3
FNH:3
FNDA:3,(anonymous_2)
FNDA:2,(anonymous_3)
FNDA:1,(anonymous_4)
DA:1,1
DA:7,3
DA:8,3
DA:10,3
DA:11,2
DA:12,2
DA:15,3
DA:16,1
DA:17,1
DA:20,3
DA:53,1
LF:11
LH:11
BRF:0
BRH:0
end_of_record
TN:
SF:src\components\Modal.tsx
FN:8,(anonymous_0)
FNF:1
FNH:1
FNDA:2,(anonymous_0)
DA:8,2
DA:9,2
DA:11,1
DA:49,1
LF:4
LH:4
BRDA:9,0,0,1
BRF:1
BRH:1
end_of_record
TN:
SF:src\components\ModalForm.tsx
FN:8,(anonymous_2)
FN:14,(anonymous_3)
FN:19,(anonymous_4)
FNF:3
FNH:3
FNDA:3,(anonymous_2)
FNDA:2,(anonymous_3)
FNDA:1,(anonymous_4)
DA:1,1
DA:8,3
DA:9,3
DA:14,3
DA:15,2
DA:16,2
DA:19,3
DA:20,1
DA:21,1
DA:24,3
DA:26,3
DA:52,1
LF:12
LH:12
BRDA:24,0,0,0
BRF:1
BRH:0
end_of_record
TN:
SF:src\components\Pagination.tsx
FN:9,(anonymous_0)
FN:14,(anonymous_1)
FN:15,(anonymous_2)
FNF:3
FNH:3
FNDA:1,(anonymous_0)
FNDA:1,(anonymous_1)
FNDA:1,(anonymous_2)
DA:9,1
DA:10,1
DA:11,1
DA:12,1
DA:14,1
DA:15,1
DA:17,1
DA:40,1
LF:8
LH:8
BRF:0
BRH:0
end_of_record
TN:
SF:src\components\SearchBar.tsx
FN:8,(anonymous_0)
FN:14,(anonymous_1)
FN:18,(anonymous_2)
FNF:3
FNH:3
FNDA:2,(anonymous_0)
FNDA:1,(anonymous_1)
FNDA:1,(anonymous_2)
DA:1,1
DA:8,1
DA:9,2
DA:10,2
DA:12,2
DA:14,2
DA:15,1
DA:18,2
DA:19,1
DA:20,1
DA:23,2
DA:39,1
LF:12
LH:12
BRDA:9,0,0,2
BRDA:9,0,1,0
BRF:2
BRH:1
end_of_record
TN:
SF:src\components\Slider.tsx
FN:9,(anonymous_0)
FN:12,(anonymous_1)
FNF:2
FNH:2
FNDA:2,(anonymous_0)
FNDA:1,(anonymous_1)
DA:1,1
DA:9,2
DA:10,2
DA:12,2
DA:13,1
DA:16,2
DA:32,1
LF:7
LH:7
BRDA:9,0,0,0
BRDA:9,0,1,2
BRDA:9,1,0,0
BRDA:9,1,1,2
BRDA:9,2,0,0
BRDA:9,2,1,2
BRF:6
BRH:3
end_of_record
TN:
SF:src\components\TagInput.tsx
FN:8,(anonymous_1)
FN:12,(anonymous_2)
FN:16,(anonymous_3)
FN:28,(anonymous_4)
FN:29,(anonymous_5)
FN:37,(anonymous_6)
FN:39,(anonymous_7)
FNF:7
FNH:7
FNDA:8,(anonymous_1)
FNDA:2,(anonymous_2)
FNDA:4,(anonymous_3)
FNDA:1,(anonymous_4)
FNDA:3,(anonymous_5)
FNDA:12,(anonymous_6)
FNDA:1,(anonymous_7)
DA:1,1
DA:8,8
DA:9,8
DA:10,8
DA:12,8
DA:13,2
DA:16,8
DA:17,4
DA:18,2
DA:19,2
DA:20,2
DA:21,2
DA:22,2
DA:23,2
DA:24,2
DA:28,8
DA:29,3
DA:30,1
DA:31,1
DA:34,8
DA:37,12
DA:39,1
DA:55,1
LF:23
LH:23
BRDA:17,0,0,2
BRDA:17,0,1,2
BRDA:17,1,0,4
BRDA:17,1,1,2
BRDA:21,2,0,2
BRDA:21,3,0,2
BRDA:21,3,1,2
BRDA:21,3,2,2
BRF:8
BRH:8
end_of_record
